Determining if the pthread_create exist failed with the following output:
Change Dir: /home/mukai/nnabla/buildC/CMakeFiles/CMakeTmp

Run Build Command:"/usr/bin/make" "cmTC_725c5/fast"
/usr/bin/make -f CMakeFiles/cmTC_725c5.dir/build.make CMakeFiles/cmTC_725c5.dir/build
make[1]: Entering directory '/home/mukai/nnabla/buildC/CMakeFiles/CMakeTmp'
/usr/bin/cmake: /usr/local/lib/liblzma.so.5: no version information available (required by /usr/lib/x86_64-linux-gnu/libarchive.so.13)
/usr/bin/cmake: /usr/local/lib/liblzma.so.5: no version information available (required by /usr/lib/x86_64-linux-gnu/libxml2.so.2)
Building C object CMakeFiles/cmTC_725c5.dir/CheckSymbolExists.c.o
/usr/bin/cc     -o CMakeFiles/cmTC_725c5.dir/CheckSymbolExists.c.o   -c /home/mukai/nnabla/buildC/CMakeFiles/CMakeTmp/CheckSymbolExists.c
/usr/bin/cmake: /usr/local/lib/liblzma.so.5: no version information available (required by /usr/lib/x86_64-linux-gnu/libarchive.so.13)
/usr/bin/cmake: /usr/local/lib/liblzma.so.5: no version information available (required by /usr/lib/x86_64-linux-gnu/libxml2.so.2)
Linking C executable cmTC_725c5
/usr/bin/cmake -E cmake_link_script CMakeFiles/cmTC_725c5.dir/link.txt --verbose=1
/usr/bin/cmake: /usr/local/lib/liblzma.so.5: no version information available (required by /usr/lib/x86_64-linux-gnu/libarchive.so.13)
/usr/bin/cmake: /usr/local/lib/liblzma.so.5: no version information available (required by /usr/lib/x86_64-linux-gnu/libxml2.so.2)
/usr/bin/cc       CMakeFiles/cmTC_725c5.dir/CheckSymbolExists.c.o  -o cmTC_725c5 -rdynamic 
CMakeFiles/cmTC_725c5.dir/CheckSymbolExists.c.o: In function `main':
CheckSymbolExists.c:(.text+0x16): undefined reference to `pthread_create'
collect2: error: ld returned 1 exit status
CMakeFiles/cmTC_725c5.dir/build.make:97: recipe for target 'cmTC_725c5' failed
make[1]: *** [cmTC_725c5] Error 1
make[1]: Leaving directory '/home/mukai/nnabla/buildC/CMakeFiles/CMakeTmp'
Makefile:126: recipe for target 'cmTC_725c5/fast' failed
make: *** [cmTC_725c5/fast] Error 2

File /home/mukai/nnabla/buildC/CMakeFiles/CMakeTmp/CheckSymbolExists.c:
/* */
#include <pthread.h>

int main(int argc, char** argv)
{
  (void)argv;
#ifndef pthread_create
  return ((int*)(&pthread_create))[argc];
#else
  (void)argc;
  return 0;
#endif
}

Determining if the function pthread_create exists in the pthreads failed with the following output:
Change Dir: /home/mukai/nnabla/buildC/CMakeFiles/CMakeTmp

Run Build Command:"/usr/bin/make" "cmTC_36826/fast"
/usr/bin/make -f CMakeFiles/cmTC_36826.dir/build.make CMakeFiles/cmTC_36826.dir/build
make[1]: Entering directory '/home/mukai/nnabla/buildC/CMakeFiles/CMakeTmp'
/usr/bin/cmake: /usr/local/lib/liblzma.so.5: no version information available (required by /usr/lib/x86_64-linux-gnu/libarchive.so.13)
/usr/bin/cmake: /usr/local/lib/liblzma.so.5: no version information available (required by /usr/lib/x86_64-linux-gnu/libxml2.so.2)
Building C object CMakeFiles/cmTC_36826.dir/CheckFunctionExists.c.o
/usr/bin/cc    -DCHECK_FUNCTION_EXISTS=pthread_create   -o CMakeFiles/cmTC_36826.dir/CheckFunctionExists.c.o   -c /usr/share/cmake-3.5/Modules/CheckFunctionExists.c
/usr/bin/cmake: /usr/local/lib/liblzma.so.5: no version information available (required by /usr/lib/x86_64-linux-gnu/libarchive.so.13)
/usr/bin/cmake: /usr/local/lib/liblzma.so.5: no version information available (required by /usr/lib/x86_64-linux-gnu/libxml2.so.2)
Linking C executable cmTC_36826
/usr/bin/cmake -E cmake_link_script CMakeFiles/cmTC_36826.dir/link.txt --verbose=1
/usr/bin/cmake: /usr/local/lib/liblzma.so.5: no version information available (required by /usr/lib/x86_64-linux-gnu/libarchive.so.13)
/usr/bin/cmake: /usr/local/lib/liblzma.so.5: no version information available (required by /usr/lib/x86_64-linux-gnu/libxml2.so.2)
/usr/bin/cc   -DCHECK_FUNCTION_EXISTS=pthread_create    CMakeFiles/cmTC_36826.dir/CheckFunctionExists.c.o  -o cmTC_36826 -rdynamic -lpthreads 
/usr/bin/ld: cannot find -lpthreads
collect2: error: ld returned 1 exit status
CMakeFiles/cmTC_36826.dir/build.make:97: recipe for target 'cmTC_36826' failed
make[1]: *** [cmTC_36826] Error 1
make[1]: Leaving directory '/home/mukai/nnabla/buildC/CMakeFiles/CMakeTmp'
Makefile:126: recipe for target 'cmTC_36826/fast' failed
make: *** [cmTC_36826/fast] Error 2


